2022-05-31T12:48:38+00:00 CRITICAL Uncaught Error: Class 'Elementor\Scheme_Typography' not found in /var/www/html/wp-content/plugins/dhe-form/includes/widgets/submit_button.php:157
Stack trace:
#0 /var/www/html/wp-content/plugins/elementor/includes/base/controls-stack.php(2280): DHE_Form_Widget_Submit_Button->_register_controls()
#1 /var/www/html/wp-content/plugins/elementor/includes/base/controls-stack.php(494): Elementor\Controls_Stack->init_controls()
#2 /var/www/html/wp-content/plugins/elementor/includes/base/widget-base.php(177): Elementor\Controls_Stack->get_stack()
#3 /var/www/html/wp-content/plugins/elementor/includes/base/controls-stack.php(300): Elementor\Widget_Base->get_stack()
#4 /var/www/html/wp-content/plugins/elementor/includes/base/controls-stack.php(2369): Elementor\Controls_Stack->get_controls()
#5 /var/www/html/wp-content/plugins/elementor/includes/base/controls-stack.php(1105): Elementor\Controls_Stack->sanitize_settings(Array)
#6 /var/www/html/wp-content/plugins/elementor/includes/base/controls-stack.php(2116): Elementor\ in /var/www/html/wp-content/plugins/dhe-form/includes/widgets/submit_button.php on line 157

2022-05-31T12:50:49+00:00 CRITICAL Uncaught Error: Class 'Elementor\Scheme_Typography' not found in /var/www/html/wp-content/plugins/dhe-form/includes/widgets/submit_button.php:157
Stack trace:
#0 /var/www/html/wp-content/plugins/elementor/includes/base/controls-stack.php(2280): DHE_Form_Widget_Submit_Button->_register_controls()
#1 /var/www/html/wp-content/plugins/elementor/includes/base/controls-stack.php(494): Elementor\Controls_Stack->init_controls()
#2 /var/www/html/wp-content/plugins/elementor/includes/base/widget-base.php(177): Elementor\Controls_Stack->get_stack()
#3 /var/www/html/wp-content/plugins/elementor/includes/base/controls-stack.php(300): Elementor\Widget_Base->get_stack()
#4 /var/www/html/wp-content/plugins/elementor/includes/base/controls-stack.php(2369): Elementor\Controls_Stack->get_controls()
#5 /var/www/html/wp-content/plugins/elementor/includes/base/controls-stack.php(1105): Elementor\Controls_Stack->sanitize_settings(Array)
#6 /var/www/html/wp-content/plugins/elementor/includes/base/controls-stack.php(2116): Elementor\ in /var/www/html/wp-content/plugins/dhe-form/includes/widgets/submit_button.php on line 157

2022-05-31T12:51:39+00:00 CRITICAL Uncaught Error: Class 'Elementor\Scheme_Typography' not found in /var/www/html/wp-content/plugins/dhe-form/includes/widgets/submit_button.php:157
Stack trace:
#0 /var/www/html/wp-content/plugins/elementor/includes/base/controls-stack.php(2280): DHE_Form_Widget_Submit_Button->_register_controls()
#1 /var/www/html/wp-content/plugins/elementor/includes/base/controls-stack.php(494): Elementor\Controls_Stack->init_controls()
#2 /var/www/html/wp-content/plugins/elementor/includes/base/widget-base.php(177): Elementor\Controls_Stack->get_stack()
#3 /var/www/html/wp-content/plugins/elementor/includes/base/controls-stack.php(300): Elementor\Widget_Base->get_stack()
#4 /var/www/html/wp-content/plugins/elementor/includes/base/controls-stack.php(2369): Elementor\Controls_Stack->get_controls()
#5 /var/www/html/wp-content/plugins/elementor/includes/base/controls-stack.php(1105): Elementor\Controls_Stack->sanitize_settings(Array)
#6 /var/www/html/wp-content/plugins/elementor/includes/base/controls-stack.php(2116): Elementor\ in /var/www/html/wp-content/plugins/dhe-form/includes/widgets/submit_button.php on line 157

2022-05-31T12:52:19+00:00 CRITICAL Uncaught Error: Class 'Elementor\Scheme_Typography' not found in /var/www/html/wp-content/plugins/dhe-form/includes/widgets/submit_button.php:157
Stack trace:
#0 /var/www/html/wp-content/plugins/elementor/includes/base/controls-stack.php(2280): DHE_Form_Widget_Submit_Button->_register_controls()
#1 /var/www/html/wp-content/plugins/elementor/includes/base/controls-stack.php(494): Elementor\Controls_Stack->init_controls()
#2 /var/www/html/wp-content/plugins/elementor/includes/base/widget-base.php(177): Elementor\Controls_Stack->get_stack()
#3 /var/www/html/wp-content/plugins/elementor/includes/base/controls-stack.php(300): Elementor\Widget_Base->get_stack()
#4 /var/www/html/wp-content/plugins/elementor/includes/base/controls-stack.php(2369): Elementor\Controls_Stack->get_controls()
#5 /var/www/html/wp-content/plugins/elementor/includes/base/controls-stack.php(1105): Elementor\Controls_Stack->sanitize_settings(Array)
#6 /var/www/html/wp-content/plugins/elementor/includes/base/controls-stack.php(2116): Elementor\ in /var/www/html/wp-content/plugins/dhe-form/includes/widgets/submit_button.php on line 157

2022-05-31T12:53:06+00:00 CRITICAL Uncaught Error: Class 'Elementor\Scheme_Typography' not found in /var/www/html/wp-content/plugins/dhe-form/includes/widgets/submit_button.php:157
Stack trace:
#0 /var/www/html/wp-content/plugins/elementor/includes/base/controls-stack.php(2280): DHE_Form_Widget_Submit_Button->_register_controls()
#1 /var/www/html/wp-content/plugins/elementor/includes/base/controls-stack.php(494): Elementor\Controls_Stack->init_controls()
#2 /var/www/html/wp-content/plugins/elementor/includes/base/widget-base.php(177): Elementor\Controls_Stack->get_stack()
#3 /var/www/html/wp-content/plugins/elementor/includes/base/controls-stack.php(300): Elementor\Widget_Base->get_stack()
#4 /var/www/html/wp-content/plugins/elementor/includes/base/controls-stack.php(2369): Elementor\Controls_Stack->get_controls()
#5 /var/www/html/wp-content/plugins/elementor/includes/base/controls-stack.php(1105): Elementor\Controls_Stack->sanitize_settings(Array)
#6 /var/www/html/wp-content/plugins/elementor/includes/base/controls-stack.php(2116): Elementor\ in /var/www/html/wp-content/plugins/dhe-form/includes/widgets/submit_button.php on line 157

2022-05-31T12:54:37+00:00 CRITICAL Uncaught Error: Class 'Elementor\Scheme_Typography' not found in /var/www/html/wp-content/plugins/dhe-form/includes/widgets/submit_button.php:157
Stack trace:
#0 /var/www/html/wp-content/plugins/elementor/includes/base/controls-stack.php(2280): DHE_Form_Widget_Submit_Button->_register_controls()
#1 /var/www/html/wp-content/plugins/elementor/includes/base/controls-stack.php(494): Elementor\Controls_Stack->init_controls()
#2 /var/www/html/wp-content/plugins/elementor/includes/base/widget-base.php(177): Elementor\Controls_Stack->get_stack()
#3 /var/www/html/wp-content/plugins/elementor/includes/base/controls-stack.php(300): Elementor\Widget_Base->get_stack()
#4 /var/www/html/wp-content/plugins/elementor/includes/base/controls-stack.php(2369): Elementor\Controls_Stack->get_controls()
#5 /var/www/html/wp-content/plugins/elementor/includes/base/controls-stack.php(1105): Elementor\Controls_Stack->sanitize_settings(Array)
#6 /var/www/html/wp-content/plugins/elementor/includes/base/controls-stack.php(2116): Elementor\ in /var/www/html/wp-content/plugins/dhe-form/includes/widgets/submit_button.php on line 157

2022-05-31T12:55:16+00:00 CRITICAL Uncaught Error: Class 'Elementor\Scheme_Typography' not found in /var/www/html/wp-content/plugins/dhe-form/includes/widgets/submit_button.php:157
Stack trace:
#0 /var/www/html/wp-content/plugins/elementor/includes/base/controls-stack.php(2280): DHE_Form_Widget_Submit_Button->_register_controls()
#1 /var/www/html/wp-content/plugins/elementor/includes/base/controls-stack.php(494): Elementor\Controls_Stack->init_controls()
#2 /var/www/html/wp-content/plugins/elementor/includes/base/widget-base.php(177): Elementor\Controls_Stack->get_stack()
#3 /var/www/html/wp-content/plugins/elementor/includes/base/controls-stack.php(300): Elementor\Widget_Base->get_stack()
#4 /var/www/html/wp-content/plugins/elementor/includes/base/controls-stack.php(2369): Elementor\Controls_Stack->get_controls()
#5 /var/www/html/wp-content/plugins/elementor/includes/base/controls-stack.php(1105): Elementor\Controls_Stack->sanitize_settings(Array)
#6 /var/www/html/wp-content/plugins/elementor/includes/base/controls-stack.php(2116): Elementor\ in /var/www/html/wp-content/plugins/dhe-form/includes/widgets/submit_button.php on line 157

2022-05-31T12:56:07+00:00 CRITICAL Uncaught Error: Class 'Elementor\Scheme_Typography' not found in /var/www/html/wp-content/plugins/dhe-form/includes/widgets/submit_button.php:157
Stack trace:
#0 /var/www/html/wp-content/plugins/elementor/includes/base/controls-stack.php(2280): DHE_Form_Widget_Submit_Button->_register_controls()
#1 /var/www/html/wp-content/plugins/elementor/includes/base/controls-stack.php(494): Elementor\Controls_Stack->init_controls()
#2 /var/www/html/wp-content/plugins/elementor/includes/base/widget-base.php(177): Elementor\Controls_Stack->get_stack()
#3 /var/www/html/wp-content/plugins/elementor/includes/base/controls-stack.php(300): Elementor\Widget_Base->get_stack()
#4 /var/www/html/wp-content/plugins/elementor/includes/base/controls-stack.php(2369): Elementor\Controls_Stack->get_controls()
#5 /var/www/html/wp-content/plugins/elementor/includes/base/controls-stack.php(1105): Elementor\Controls_Stack->sanitize_settings(Array)
#6 /var/www/html/wp-content/plugins/elementor/includes/base/controls-stack.php(2116): Elementor\ in /var/www/html/wp-content/plugins/dhe-form/includes/widgets/submit_button.php on line 157

2022-05-31T13:01:45+00:00 CRITICAL Uncaught Error: Class 'Elementor\Scheme_Typography' not found in /var/www/html/wp-content/plugins/dhe-form/includes/widgets/submit_button.php:157
Stack trace:
#0 /var/www/html/wp-content/plugins/elementor/includes/base/controls-stack.php(2280): DHE_Form_Widget_Submit_Button->_register_controls()
#1 /var/www/html/wp-content/plugins/elementor/includes/base/controls-stack.php(494): Elementor\Controls_Stack->init_controls()
#2 /var/www/html/wp-content/plugins/elementor/includes/base/widget-base.php(177): Elementor\Controls_Stack->get_stack()
#3 /var/www/html/wp-content/plugins/elementor/includes/base/controls-stack.php(300): Elementor\Widget_Base->get_stack()
#4 /var/www/html/wp-content/plugins/elementor/includes/base/controls-stack.php(2369): Elementor\Controls_Stack->get_controls()
#5 /var/www/html/wp-content/plugins/elementor/includes/base/controls-stack.php(1105): Elementor\Controls_Stack->sanitize_settings(Array)
#6 /var/www/html/wp-content/plugins/elementor/includes/base/controls-stack.php(2116): Elementor\ in /var/www/html/wp-content/plugins/dhe-form/includes/widgets/submit_button.php on line 157

2022-05-31T13:03:09+00:00 CRITICAL Uncaught Error: Class 'Elementor\Scheme_Typography' not found in /var/www/html/wp-content/plugins/dhe-form/includes/widgets/submit_button.php:157
Stack trace:
#0 /var/www/html/wp-content/plugins/elementor/includes/base/controls-stack.php(2280): DHE_Form_Widget_Submit_Button->_register_controls()
#1 /var/www/html/wp-content/plugins/elementor/includes/base/controls-stack.php(494): Elementor\Controls_Stack->init_controls()
#2 /var/www/html/wp-content/plugins/elementor/includes/base/widget-base.php(177): Elementor\Controls_Stack->get_stack()
#3 /var/www/html/wp-content/plugins/elementor/includes/base/controls-stack.php(300): Elementor\Widget_Base->get_stack()
#4 /var/www/html/wp-content/plugins/elementor/includes/base/controls-stack.php(2369): Elementor\Controls_Stack->get_controls()
#5 /var/www/html/wp-content/plugins/elementor/includes/base/controls-stack.php(1105): Elementor\Controls_Stack->sanitize_settings(Array)
#6 /var/www/html/wp-content/plugins/elementor/includes/base/controls-stack.php(2116): Elementor\ in /var/www/html/wp-content/plugins/dhe-form/includes/widgets/submit_button.php on line 157

2022-05-31T13:03:09+00:00 CRITICAL Uncaught Error: Class 'Elementor\Scheme_Typography' not found in /var/www/html/wp-content/plugins/dhe-form/includes/widgets/submit_button.php:157
Stack trace:
#0 /var/www/html/wp-content/plugins/elementor/includes/base/controls-stack.php(2280): DHE_Form_Widget_Submit_Button->_register_controls()
#1 /var/www/html/wp-content/plugins/elementor/includes/base/controls-stack.php(494): Elementor\Controls_Stack->init_controls()
#2 /var/www/html/wp-content/plugins/elementor/includes/base/widget-base.php(177): Elementor\Controls_Stack->get_stack()
#3 /var/www/html/wp-content/plugins/elementor/includes/base/controls-stack.php(300): Elementor\Widget_Base->get_stack()
#4 /var/www/html/wp-content/plugins/elementor/includes/base/controls-stack.php(2369): Elementor\Controls_Stack->get_controls()
#5 /var/www/html/wp-content/plugins/elementor/includes/base/controls-stack.php(1105): Elementor\Controls_Stack->sanitize_settings(Array)
#6 /var/www/html/wp-content/plugins/elementor/includes/base/controls-stack.php(2116): Elementor\ in /var/www/html/wp-content/plugins/dhe-form/includes/widgets/submit_button.php on line 157

2022-05-31T13:03:10+00:00 CRITICAL Uncaught Error: Class 'Elementor\Scheme_Typography' not found in /var/www/html/wp-content/plugins/dhe-form/includes/widgets/submit_button.php:157
Stack trace:
#0 /var/www/html/wp-content/plugins/elementor/includes/base/controls-stack.php(2280): DHE_Form_Widget_Submit_Button->_register_controls()
#1 /var/www/html/wp-content/plugins/elementor/includes/base/controls-stack.php(494): Elementor\Controls_Stack->init_controls()
#2 /var/www/html/wp-content/plugins/elementor/includes/base/widget-base.php(177): Elementor\Controls_Stack->get_stack()
#3 /var/www/html/wp-content/plugins/elementor/includes/base/controls-stack.php(300): Elementor\Widget_Base->get_stack()
#4 /var/www/html/wp-content/plugins/elementor/includes/base/controls-stack.php(2369): Elementor\Controls_Stack->get_controls()
#5 /var/www/html/wp-content/plugins/elementor/includes/base/controls-stack.php(1105): Elementor\Controls_Stack->sanitize_settings(Array)
#6 /var/www/html/wp-content/plugins/elementor/includes/base/controls-stack.php(2116): Elementor\ in /var/www/html/wp-content/plugins/dhe-form/includes/widgets/submit_button.php on line 157

2022-05-31T13:03:10+00:00 CRITICAL Uncaught Error: Class 'Elementor\Scheme_Typography' not found in /var/www/html/wp-content/plugins/dhe-form/includes/widgets/submit_button.php:157
Stack trace:
#0 /var/www/html/wp-content/plugins/elementor/includes/base/controls-stack.php(2280): DHE_Form_Widget_Submit_Button->_register_controls()
#1 /var/www/html/wp-content/plugins/elementor/includes/base/controls-stack.php(494): Elementor\Controls_Stack->init_controls()
#2 /var/www/html/wp-content/plugins/elementor/includes/base/widget-base.php(177): Elementor\Controls_Stack->get_stack()
#3 /var/www/html/wp-content/plugins/elementor/includes/base/controls-stack.php(300): Elementor\Widget_Base->get_stack()
#4 /var/www/html/wp-content/plugins/elementor/includes/base/controls-stack.php(2369): Elementor\Controls_Stack->get_controls()
#5 /var/www/html/wp-content/plugins/elementor/includes/base/controls-stack.php(1105): Elementor\Controls_Stack->sanitize_settings(Array)
#6 /var/www/html/wp-content/plugins/elementor/includes/base/controls-stack.php(2116): Elementor\ in /var/www/html/wp-content/plugins/dhe-form/includes/widgets/submit_button.php on line 157

2022-05-31T13:03:12+00:00 CRITICAL Uncaught Error: Class 'Elementor\Scheme_Typography' not found in /var/www/html/wp-content/plugins/dhe-form/includes/widgets/submit_button.php:157
Stack trace:
#0 /var/www/html/wp-content/plugins/elementor/includes/base/controls-stack.php(2280): DHE_Form_Widget_Submit_Button->_register_controls()
#1 /var/www/html/wp-content/plugins/elementor/includes/base/controls-stack.php(494): Elementor\Controls_Stack->init_controls()
#2 /var/www/html/wp-content/plugins/elementor/includes/base/widget-base.php(177): Elementor\Controls_Stack->get_stack()
#3 /var/www/html/wp-content/plugins/elementor/includes/base/controls-stack.php(300): Elementor\Widget_Base->get_stack()
#4 /var/www/html/wp-content/plugins/elementor/includes/base/controls-stack.php(2369): Elementor\Controls_Stack->get_controls()
#5 /var/www/html/wp-content/plugins/elementor/includes/base/controls-stack.php(1105): Elementor\Controls_Stack->sanitize_settings(Array)
#6 /var/www/html/wp-content/plugins/elementor/includes/base/controls-stack.php(2116): Elementor\ in /var/www/html/wp-content/plugins/dhe-form/includes/widgets/submit_button.php on line 157

2022-05-31T13:03:12+00:00 CRITICAL Uncaught Error: Class 'Elementor\Scheme_Typography' not found in /var/www/html/wp-content/plugins/dhe-form/includes/widgets/submit_button.php:157
Stack trace:
#0 /var/www/html/wp-content/plugins/elementor/includes/base/controls-stack.php(2280): DHE_Form_Widget_Submit_Button->_register_controls()
#1 /var/www/html/wp-content/plugins/elementor/includes/base/controls-stack.php(494): Elementor\Controls_Stack->init_controls()
#2 /var/www/html/wp-content/plugins/elementor/includes/base/widget-base.php(177): Elementor\Controls_Stack->get_stack()
#3 /var/www/html/wp-content/plugins/elementor/includes/base/controls-stack.php(300): Elementor\Widget_Base->get_stack()
#4 /var/www/html/wp-content/plugins/elementor/includes/base/controls-stack.php(2369): Elementor\Controls_Stack->get_controls()
#5 /var/www/html/wp-content/plugins/elementor/includes/base/controls-stack.php(1105): Elementor\Controls_Stack->sanitize_settings(Array)
#6 /var/www/html/wp-content/plugins/elementor/includes/base/controls-stack.php(2116): Elementor\ in /var/www/html/wp-content/plugins/dhe-form/includes/widgets/submit_button.php on line 157

2022-05-31T13:03:13+00:00 CRITICAL Uncaught Error: Class 'Elementor\Scheme_Typography' not found in /var/www/html/wp-content/plugins/dhe-form/includes/widgets/submit_button.php:157
Stack trace:
#0 /var/www/html/wp-content/plugins/elementor/includes/base/controls-stack.php(2280): DHE_Form_Widget_Submit_Button->_register_controls()
#1 /var/www/html/wp-content/plugins/elementor/includes/base/controls-stack.php(494): Elementor\Controls_Stack->init_controls()
#2 /var/www/html/wp-content/plugins/elementor/includes/base/widget-base.php(177): Elementor\Controls_Stack->get_stack()
#3 /var/www/html/wp-content/plugins/elementor/includes/base/controls-stack.php(300): Elementor\Widget_Base->get_stack()
#4 /var/www/html/wp-content/plugins/elementor/includes/base/controls-stack.php(2369): Elementor\Controls_Stack->get_controls()
#5 /var/www/html/wp-content/plugins/elementor/includes/base/controls-stack.php(1105): Elementor\Controls_Stack->sanitize_settings(Array)
#6 /var/www/html/wp-content/plugins/elementor/includes/base/controls-stack.php(2116): Elementor\ in /var/www/html/wp-content/plugins/dhe-form/includes/widgets/submit_button.php on line 157

2022-05-31T13:03:13+00:00 CRITICAL Uncaught Error: Class 'Elementor\Scheme_Typography' not found in /var/www/html/wp-content/plugins/dhe-form/includes/widgets/submit_button.php:157
Stack trace:
#0 /var/www/html/wp-content/plugins/elementor/includes/base/controls-stack.php(2280): DHE_Form_Widget_Submit_Button->_register_controls()
#1 /var/www/html/wp-content/plugins/elementor/includes/base/controls-stack.php(494): Elementor\Controls_Stack->init_controls()
#2 /var/www/html/wp-content/plugins/elementor/includes/base/widget-base.php(177): Elementor\Controls_Stack->get_stack()
#3 /var/www/html/wp-content/plugins/elementor/includes/base/controls-stack.php(300): Elementor\Widget_Base->get_stack()
#4 /var/www/html/wp-content/plugins/elementor/includes/base/controls-stack.php(2369): Elementor\Controls_Stack->get_controls()
#5 /var/www/html/wp-content/plugins/elementor/includes/base/controls-stack.php(1105): Elementor\Controls_Stack->sanitize_settings(Array)
#6 /var/www/html/wp-content/plugins/elementor/includes/base/controls-stack.php(2116): Elementor\ in /var/www/html/wp-content/plugins/dhe-form/includes/widgets/submit_button.php on line 157

2022-05-31T13:03:14+00:00 CRITICAL Uncaught Error: Class 'Elementor\Scheme_Typography' not found in /var/www/html/wp-content/plugins/dhe-form/includes/widgets/submit_button.php:157
Stack trace:
#0 /var/www/html/wp-content/plugins/elementor/includes/base/controls-stack.php(2280): DHE_Form_Widget_Submit_Button->_register_controls()
#1 /var/www/html/wp-content/plugins/elementor/includes/base/controls-stack.php(494): Elementor\Controls_Stack->init_controls()
#2 /var/www/html/wp-content/plugins/elementor/includes/base/widget-base.php(177): Elementor\Controls_Stack->get_stack()
#3 /var/www/html/wp-content/plugins/elementor/includes/base/controls-stack.php(300): Elementor\Widget_Base->get_stack()
#4 /var/www/html/wp-content/plugins/elementor/includes/base/controls-stack.php(2369): Elementor\Controls_Stack->get_controls()
#5 /var/www/html/wp-content/plugins/elementor/includes/base/controls-stack.php(1105): Elementor\Controls_Stack->sanitize_settings(Array)
#6 /var/www/html/wp-content/plugins/elementor/includes/base/controls-stack.php(2116): Elementor\ in /var/www/html/wp-content/plugins/dhe-form/includes/widgets/submit_button.php on line 157

2022-05-31T13:03:14+00:00 CRITICAL Uncaught Error: Class 'Elementor\Scheme_Typography' not found in /var/www/html/wp-content/plugins/dhe-form/includes/widgets/submit_button.php:157
Stack trace:
#0 /var/www/html/wp-content/plugins/elementor/includes/base/controls-stack.php(2280): DHE_Form_Widget_Submit_Button->_register_controls()
#1 /var/www/html/wp-content/plugins/elementor/includes/base/controls-stack.php(494): Elementor\Controls_Stack->init_controls()
#2 /var/www/html/wp-content/plugins/elementor/includes/base/widget-base.php(177): Elementor\Controls_Stack->get_stack()
#3 /var/www/html/wp-content/plugins/elementor/includes/base/controls-stack.php(300): Elementor\Widget_Base->get_stack()
#4 /var/www/html/wp-content/plugins/elementor/includes/base/controls-stack.php(2369): Elementor\Controls_Stack->get_controls()
#5 /var/www/html/wp-content/plugins/elementor/includes/base/controls-stack.php(1105): Elementor\Controls_Stack->sanitize_settings(Array)
#6 /var/www/html/wp-content/plugins/elementor/includes/base/controls-stack.php(2116): Elementor\ in /var/www/html/wp-content/plugins/dhe-form/includes/widgets/submit_button.php on line 157

2022-05-31T13:03:14+00:00 CRITICAL Uncaught Error: Class 'Elementor\Scheme_Typography' not found in /var/www/html/wp-content/plugins/dhe-form/includes/widgets/submit_button.php:157
Stack trace:
#0 /var/www/html/wp-content/plugins/elementor/includes/base/controls-stack.php(2280): DHE_Form_Widget_Submit_Button->_register_controls()
#1 /var/www/html/wp-content/plugins/elementor/includes/base/controls-stack.php(494): Elementor\Controls_Stack->init_controls()
#2 /var/www/html/wp-content/plugins/elementor/includes/base/widget-base.php(177): Elementor\Controls_Stack->get_stack()
#3 /var/www/html/wp-content/plugins/elementor/includes/base/controls-stack.php(300): Elementor\Widget_Base->get_stack()
#4 /var/www/html/wp-content/plugins/elementor/includes/base/controls-stack.php(2369): Elementor\Controls_Stack->get_controls()
#5 /var/www/html/wp-content/plugins/elementor/includes/base/controls-stack.php(1105): Elementor\Controls_Stack->sanitize_settings(Array)
#6 /var/www/html/wp-content/plugins/elementor/includes/base/controls-stack.php(2116): Elementor\ in /var/www/html/wp-content/plugins/dhe-form/includes/widgets/submit_button.php on line 157

2022-05-31T13:03:15+00:00 CRITICAL Uncaught Error: Class 'Elementor\Scheme_Typography' not found in /var/www/html/wp-content/plugins/dhe-form/includes/widgets/submit_button.php:157
Stack trace:
#0 /var/www/html/wp-content/plugins/elementor/includes/base/controls-stack.php(2280): DHE_Form_Widget_Submit_Button->_register_controls()
#1 /var/www/html/wp-content/plugins/elementor/includes/base/controls-stack.php(494): Elementor\Controls_Stack->init_controls()
#2 /var/www/html/wp-content/plugins/elementor/includes/base/widget-base.php(177): Elementor\Controls_Stack->get_stack()
#3 /var/www/html/wp-content/plugins/elementor/includes/base/controls-stack.php(300): Elementor\Widget_Base->get_stack()
#4 /var/www/html/wp-content/plugins/elementor/includes/base/controls-stack.php(2369): Elementor\Controls_Stack->get_controls()
#5 /var/www/html/wp-content/plugins/elementor/includes/base/controls-stack.php(1105): Elementor\Controls_Stack->sanitize_settings(Array)
#6 /var/www/html/wp-content/plugins/elementor/includes/base/controls-stack.php(2116): Elementor\ in /var/www/html/wp-content/plugins/dhe-form/includes/widgets/submit_button.php on line 157

2022-05-31T13:03:15+00:00 CRITICAL Uncaught Error: Class 'Elementor\Scheme_Typography' not found in /var/www/html/wp-content/plugins/dhe-form/includes/widgets/submit_button.php:157
Stack trace:
#0 /var/www/html/wp-content/plugins/elementor/includes/base/controls-stack.php(2280): DHE_Form_Widget_Submit_Button->_register_controls()
#1 /var/www/html/wp-content/plugins/elementor/includes/base/controls-stack.php(494): Elementor\Controls_Stack->init_controls()
#2 /var/www/html/wp-content/plugins/elementor/includes/base/widget-base.php(177): Elementor\Controls_Stack->get_stack()
#3 /var/www/html/wp-content/plugins/elementor/includes/base/controls-stack.php(300): Elementor\Widget_Base->get_stack()
#4 /var/www/html/wp-content/plugins/elementor/includes/base/controls-stack.php(2369): Elementor\Controls_Stack->get_controls()
#5 /var/www/html/wp-content/plugins/elementor/includes/base/controls-stack.php(1105): Elementor\Controls_Stack->sanitize_settings(Array)
#6 /var/www/html/wp-content/plugins/elementor/includes/base/controls-stack.php(2116): Elementor\ in /var/www/html/wp-content/plugins/dhe-form/includes/widgets/submit_button.php on line 157

2022-05-31T13:03:16+00:00 CRITICAL Uncaught Error: Class 'Elementor\Scheme_Typography' not found in /var/www/html/wp-content/plugins/dhe-form/includes/widgets/submit_button.php:157
Stack trace:
#0 /var/www/html/wp-content/plugins/elementor/includes/base/controls-stack.php(2280): DHE_Form_Widget_Submit_Button->_register_controls()
#1 /var/www/html/wp-content/plugins/elementor/includes/base/controls-stack.php(494): Elementor\Controls_Stack->init_controls()
#2 /var/www/html/wp-content/plugins/elementor/includes/base/widget-base.php(177): Elementor\Controls_Stack->get_stack()
#3 /var/www/html/wp-content/plugins/elementor/includes/base/controls-stack.php(300): Elementor\Widget_Base->get_stack()
#4 /var/www/html/wp-content/plugins/elementor/includes/base/controls-stack.php(2369): Elementor\Controls_Stack->get_controls()
#5 /var/www/html/wp-content/plugins/elementor/includes/base/controls-stack.php(1105): Elementor\Controls_Stack->sanitize_settings(Array)
#6 /var/www/html/wp-content/plugins/elementor/includes/base/controls-stack.php(2116): Elementor\ in /var/www/html/wp-content/plugins/dhe-form/includes/widgets/submit_button.php on line 157

2022-05-31T13:03:16+00:00 CRITICAL Uncaught Error: Class 'Elementor\Scheme_Typography' not found in /var/www/html/wp-content/plugins/dhe-form/includes/widgets/submit_button.php:157
Stack trace:
#0 /var/www/html/wp-content/plugins/elementor/includes/base/controls-stack.php(2280): DHE_Form_Widget_Submit_Button->_register_controls()
#1 /var/www/html/wp-content/plugins/elementor/includes/base/controls-stack.php(494): Elementor\Controls_Stack->init_controls()
#2 /var/www/html/wp-content/plugins/elementor/includes/base/widget-base.php(177): Elementor\Controls_Stack->get_stack()
#3 /var/www/html/wp-content/plugins/elementor/includes/base/controls-stack.php(300): Elementor\Widget_Base->get_stack()
#4 /var/www/html/wp-content/plugins/elementor/includes/base/controls-stack.php(2369): Elementor\Controls_Stack->get_controls()
#5 /var/www/html/wp-content/plugins/elementor/includes/base/controls-stack.php(1105): Elementor\Controls_Stack->sanitize_settings(Array)
#6 /var/www/html/wp-content/plugins/elementor/includes/base/controls-stack.php(2116): Elementor\ in /var/www/html/wp-content/plugins/dhe-form/includes/widgets/submit_button.php on line 157

2022-05-31T13:03:16+00:00 CRITICAL Uncaught Error: Class 'Elementor\Scheme_Typography' not found in /var/www/html/wp-content/plugins/dhe-form/includes/widgets/submit_button.php:157
Stack trace:
#0 /var/www/html/wp-content/plugins/elementor/includes/base/controls-stack.php(2280): DHE_Form_Widget_Submit_Button->_register_controls()
#1 /var/www/html/wp-content/plugins/elementor/includes/base/controls-stack.php(494): Elementor\Controls_Stack->init_controls()
#2 /var/www/html/wp-content/plugins/elementor/includes/base/widget-base.php(177): Elementor\Controls_Stack->get_stack()
#3 /var/www/html/wp-content/plugins/elementor/includes/base/controls-stack.php(300): Elementor\Widget_Base->get_stack()
#4 /var/www/html/wp-content/plugins/elementor/includes/base/controls-stack.php(2369): Elementor\Controls_Stack->get_controls()
#5 /var/www/html/wp-content/plugins/elementor/includes/base/controls-stack.php(1105): Elementor\Controls_Stack->sanitize_settings(Array)
#6 /var/www/html/wp-content/plugins/elementor/includes/base/controls-stack.php(2116): Elementor\ in /var/www/html/wp-content/plugins/dhe-form/includes/widgets/submit_button.php on line 157

2022-05-31T13:03:17+00:00 CRITICAL Uncaught Error: Class 'Elementor\Scheme_Typography' not found in /var/www/html/wp-content/plugins/dhe-form/includes/widgets/submit_button.php:157
Stack trace:
#0 /var/www/html/wp-content/plugins/elementor/includes/base/controls-stack.php(2280): DHE_Form_Widget_Submit_Button->_register_controls()
#1 /var/www/html/wp-content/plugins/elementor/includes/base/controls-stack.php(494): Elementor\Controls_Stack->init_controls()
#2 /var/www/html/wp-content/plugins/elementor/includes/base/widget-base.php(177): Elementor\Controls_Stack->get_stack()
#3 /var/www/html/wp-content/plugins/elementor/includes/base/controls-stack.php(300): Elementor\Widget_Base->get_stack()
#4 /var/www/html/wp-content/plugins/elementor/includes/base/controls-stack.php(2369): Elementor\Controls_Stack->get_controls()
#5 /var/www/html/wp-content/plugins/elementor/includes/base/controls-stack.php(1105): Elementor\Controls_Stack->sanitize_settings(Array)
#6 /var/www/html/wp-content/plugins/elementor/includes/base/controls-stack.php(2116): Elementor\ in /var/www/html/wp-content/plugins/dhe-form/includes/widgets/submit_button.php on line 157

2022-05-31T13:03:17+00:00 CRITICAL Uncaught Error: Class 'Elementor\Scheme_Typography' not found in /var/www/html/wp-content/plugins/dhe-form/includes/widgets/submit_button.php:157
Stack trace:
#0 /var/www/html/wp-content/plugins/elementor/includes/base/controls-stack.php(2280): DHE_Form_Widget_Submit_Button->_register_controls()
#1 /var/www/html/wp-content/plugins/elementor/includes/base/controls-stack.php(494): Elementor\Controls_Stack->init_controls()
#2 /var/www/html/wp-content/plugins/elementor/includes/base/widget-base.php(177): Elementor\Controls_Stack->get_stack()
#3 /var/www/html/wp-content/plugins/elementor/includes/base/controls-stack.php(300): Elementor\Widget_Base->get_stack()
#4 /var/www/html/wp-content/plugins/elementor/includes/base/controls-stack.php(2369): Elementor\Controls_Stack->get_controls()
#5 /var/www/html/wp-content/plugins/elementor/includes/base/controls-stack.php(1105): Elementor\Controls_Stack->sanitize_settings(Array)
#6 /var/www/html/wp-content/plugins/elementor/includes/base/controls-stack.php(2116): Elementor\ in /var/www/html/wp-content/plugins/dhe-form/includes/widgets/submit_button.php on line 157

2022-05-31T13:03:18+00:00 CRITICAL Uncaught Error: Class 'Elementor\Scheme_Typography' not found in /var/www/html/wp-content/plugins/dhe-form/includes/widgets/submit_button.php:157
Stack trace:
#0 /var/www/html/wp-content/plugins/elementor/includes/base/controls-stack.php(2280): DHE_Form_Widget_Submit_Button->_register_controls()
#1 /var/www/html/wp-content/plugins/elementor/includes/base/controls-stack.php(494): Elementor\Controls_Stack->init_controls()
#2 /var/www/html/wp-content/plugins/elementor/includes/base/widget-base.php(177): Elementor\Controls_Stack->get_stack()
#3 /var/www/html/wp-content/plugins/elementor/includes/base/controls-stack.php(300): Elementor\Widget_Base->get_stack()
#4 /var/www/html/wp-content/plugins/elementor/includes/base/controls-stack.php(2369): Elementor\Controls_Stack->get_controls()
#5 /var/www/html/wp-content/plugins/elementor/includes/base/controls-stack.php(1105): Elementor\Controls_Stack->sanitize_settings(Array)
#6 /var/www/html/wp-content/plugins/elementor/includes/base/controls-stack.php(2116): Elementor\ in /var/www/html/wp-content/plugins/dhe-form/includes/widgets/submit_button.php on line 157

2022-05-31T13:11:00+00:00 CRITICAL Uncaught Error: Class 'Elementor\Scheme_Typography' not found in /var/www/html/wp-content/plugins/dhe-form/includes/widgets/submit_button.php:157
Stack trace:
#0 /var/www/html/wp-content/plugins/elementor/includes/base/controls-stack.php(2280): DHE_Form_Widget_Submit_Button->_register_controls()
#1 /var/www/html/wp-content/plugins/elementor/includes/base/controls-stack.php(494): Elementor\Controls_Stack->init_controls()
#2 /var/www/html/wp-content/plugins/elementor/includes/base/widget-base.php(177): Elementor\Controls_Stack->get_stack()
#3 /var/www/html/wp-content/plugins/elementor/includes/base/controls-stack.php(300): Elementor\Widget_Base->get_stack()
#4 /var/www/html/wp-content/plugins/elementor/includes/base/controls-stack.php(2369): Elementor\Controls_Stack->get_controls()
#5 /var/www/html/wp-content/plugins/elementor/includes/base/controls-stack.php(1105): Elementor\Controls_Stack->sanitize_settings(Array)
#6 /var/www/html/wp-content/plugins/elementor/includes/base/controls-stack.php(2116): Elementor\ in /var/www/html/wp-content/plugins/dhe-form/includes/widgets/submit_button.php on line 157

2022-05-31T13:14:52+00:00 CRITICAL Uncaught Error: Class 'Elementor\Scheme_Typography' not found in /var/www/html/wp-content/plugins/dhe-form/includes/widgets/submit_button.php:157
Stack trace:
#0 /var/www/html/wp-content/plugins/elementor/includes/base/controls-stack.php(2280): DHE_Form_Widget_Submit_Button->_register_controls()
#1 /var/www/html/wp-content/plugins/elementor/includes/base/controls-stack.php(494): Elementor\Controls_Stack->init_controls()
#2 /var/www/html/wp-content/plugins/elementor/includes/base/widget-base.php(177): Elementor\Controls_Stack->get_stack()
#3 /var/www/html/wp-content/plugins/elementor/includes/base/controls-stack.php(300): Elementor\Widget_Base->get_stack()
#4 /var/www/html/wp-content/plugins/elementor/includes/base/controls-stack.php(2369): Elementor\Controls_Stack->get_controls()
#5 /var/www/html/wp-content/plugins/elementor/includes/base/controls-stack.php(1105): Elementor\Controls_Stack->sanitize_settings(Array)
#6 /var/www/html/wp-content/plugins/elementor/includes/base/controls-stack.php(2116): Elementor\ in /var/www/html/wp-content/plugins/dhe-form/includes/widgets/submit_button.php on line 157

2022-05-31T13:16:36+00:00 CRITICAL Uncaught Error: Class 'Elementor\Scheme_Typography' not found in /var/www/html/wp-content/plugins/dhe-form/includes/widgets/submit_button.php:157
Stack trace:
#0 /var/www/html/wp-content/plugins/elementor/includes/base/controls-stack.php(2280): DHE_Form_Widget_Submit_Button->_register_controls()
#1 /var/www/html/wp-content/plugins/elementor/includes/base/controls-stack.php(494): Elementor\Controls_Stack->init_controls()
#2 /var/www/html/wp-content/plugins/elementor/includes/base/widget-base.php(177): Elementor\Controls_Stack->get_stack()
#3 /var/www/html/wp-content/plugins/elementor/includes/base/controls-stack.php(300): Elementor\Widget_Base->get_stack()
#4 /var/www/html/wp-content/plugins/elementor/includes/base/controls-stack.php(2369): Elementor\Controls_Stack->get_controls()
#5 /var/www/html/wp-content/plugins/elementor/includes/base/controls-stack.php(1105): Elementor\Controls_Stack->sanitize_settings(Array)
#6 /var/www/html/wp-content/plugins/elementor/includes/base/controls-stack.php(2116): Elementor\ in /var/www/html/wp-content/plugins/dhe-form/includes/widgets/submit_button.php on line 157

2022-05-31T13:17:21+00:00 CRITICAL Uncaught Error: Class 'Elementor\Scheme_Typography' not found in /var/www/html/wp-content/plugins/dhe-form/includes/widgets/submit_button.php:157
Stack trace:
#0 /var/www/html/wp-content/plugins/elementor/includes/base/controls-stack.php(2280): DHE_Form_Widget_Submit_Button->_register_controls()
#1 /var/www/html/wp-content/plugins/elementor/includes/base/controls-stack.php(494): Elementor\Controls_Stack->init_controls()
#2 /var/www/html/wp-content/plugins/elementor/includes/base/widget-base.php(177): Elementor\Controls_Stack->get_stack()
#3 /var/www/html/wp-content/plugins/elementor/includes/base/controls-stack.php(300): Elementor\Widget_Base->get_stack()
#4 /var/www/html/wp-content/plugins/elementor/includes/base/controls-stack.php(2369): Elementor\Controls_Stack->get_controls()
#5 /var/www/html/wp-content/plugins/elementor/includes/base/controls-stack.php(1105): Elementor\Controls_Stack->sanitize_settings(Array)
#6 /var/www/html/wp-content/plugins/elementor/includes/base/controls-stack.php(2116): Elementor\ in /var/www/html/wp-content/plugins/dhe-form/includes/widgets/submit_button.php on line 157

2022-05-31T13:18:02+00:00 CRITICAL Uncaught Error: Class 'Elementor\Scheme_Typography' not found in /var/www/html/wp-content/plugins/dhe-form/includes/widgets/submit_button.php:157
Stack trace:
#0 /var/www/html/wp-content/plugins/elementor/includes/base/controls-stack.php(2280): DHE_Form_Widget_Submit_Button->_register_controls()
#1 /var/www/html/wp-content/plugins/elementor/includes/base/controls-stack.php(494): Elementor\Controls_Stack->init_controls()
#2 /var/www/html/wp-content/plugins/elementor/includes/base/widget-base.php(177): Elementor\Controls_Stack->get_stack()
#3 /var/www/html/wp-content/plugins/elementor/includes/base/controls-stack.php(300): Elementor\Widget_Base->get_stack()
#4 /var/www/html/wp-content/plugins/elementor/includes/base/controls-stack.php(2369): Elementor\Controls_Stack->get_controls()
#5 /var/www/html/wp-content/plugins/elementor/includes/base/controls-stack.php(1105): Elementor\Controls_Stack->sanitize_settings(Array)
#6 /var/www/html/wp-content/plugins/elementor/includes/base/controls-stack.php(2116): Elementor\ in /var/www/html/wp-content/plugins/dhe-form/includes/widgets/submit_button.php on line 157

2022-05-31T13:20:39+00:00 CRITICAL Uncaught Error: Class 'Elementor\Scheme_Typography' not found in /var/www/html/wp-content/plugins/dhe-form/includes/widgets/submit_button.php:157
Stack trace:
#0 /var/www/html/wp-content/plugins/elementor/includes/base/controls-stack.php(2280): DHE_Form_Widget_Submit_Button->_register_controls()
#1 /var/www/html/wp-content/plugins/elementor/includes/base/controls-stack.php(494): Elementor\Controls_Stack->init_controls()
#2 /var/www/html/wp-content/plugins/elementor/includes/base/widget-base.php(177): Elementor\Controls_Stack->get_stack()
#3 /var/www/html/wp-content/plugins/elementor/includes/base/controls-stack.php(300): Elementor\Widget_Base->get_stack()
#4 /var/www/html/wp-content/plugins/elementor/includes/base/controls-stack.php(2369): Elementor\Controls_Stack->get_controls()
#5 /var/www/html/wp-content/plugins/elementor/includes/base/controls-stack.php(1105): Elementor\Controls_Stack->sanitize_settings(Array)
#6 /var/www/html/wp-content/plugins/elementor/includes/base/controls-stack.php(2116): Elementor\ in /var/www/html/wp-content/plugins/dhe-form/includes/widgets/submit_button.php on line 157

2022-05-31T14:46:54+00:00 CRITICAL Uncaught Error: Class 'Elementor\Scheme_Typography' not found in /var/www/html/wp-content/plugins/dhe-form/includes/widgets/submit_button.php:157
Stack trace:
#0 /var/www/html/wp-content/plugins/elementor/includes/base/controls-stack.php(2280): DHE_Form_Widget_Submit_Button->_register_controls()
#1 /var/www/html/wp-content/plugins/elementor/includes/base/controls-stack.php(494): Elementor\Controls_Stack->init_controls()
#2 /var/www/html/wp-content/plugins/elementor/includes/base/widget-base.php(177): Elementor\Controls_Stack->get_stack()
#3 /var/www/html/wp-content/plugins/elementor/includes/base/controls-stack.php(300): Elementor\Widget_Base->get_stack()
#4 /var/www/html/wp-content/plugins/elementor/includes/base/controls-stack.php(2369): Elementor\Controls_Stack->get_controls()
#5 /var/www/html/wp-content/plugins/elementor/includes/base/controls-stack.php(1105): Elementor\Controls_Stack->sanitize_settings(Array)
#6 /var/www/html/wp-content/plugins/elementor/includes/base/controls-stack.php(2116): Elementor\ in /var/www/html/wp-content/plugins/dhe-form/includes/widgets/submit_button.php on line 157

2022-05-31T19:38:14+00:00 CRITICAL Uncaught Error: Class 'Elementor\Scheme_Typography' not found in /var/www/html/wp-content/plugins/dhe-form/includes/widgets/submit_button.php:157
Stack trace:
#0 /var/www/html/wp-content/plugins/elementor/includes/base/controls-stack.php(2280): DHE_Form_Widget_Submit_Button->_register_controls()
#1 /var/www/html/wp-content/plugins/elementor/includes/base/controls-stack.php(494): Elementor\Controls_Stack->init_controls()
#2 /var/www/html/wp-content/plugins/elementor/includes/base/widget-base.php(177): Elementor\Controls_Stack->get_stack()
#3 /var/www/html/wp-content/plugins/elementor/includes/base/controls-stack.php(300): Elementor\Widget_Base->get_stack()
#4 /var/www/html/wp-content/plugins/elementor/includes/base/controls-stack.php(2369): Elementor\Controls_Stack->get_controls()
#5 /var/www/html/wp-content/plugins/elementor/includes/base/controls-stack.php(1105): Elementor\Controls_Stack->sanitize_settings(Array)
#6 /var/www/html/wp-content/plugins/elementor/includes/base/controls-stack.php(2116): Elementor\ in /var/www/html/wp-content/plugins/dhe-form/includes/widgets/submit_button.php on line 157

2022-05-31T19:39:03+00:00 CRITICAL Uncaught Error: Class 'Elementor\Scheme_Typography' not found in /var/www/html/wp-content/plugins/dhe-form/includes/widgets/submit_button.php:157
Stack trace:
#0 /var/www/html/wp-content/plugins/elementor/includes/base/controls-stack.php(2280): DHE_Form_Widget_Submit_Button->_register_controls()
#1 /var/www/html/wp-content/plugins/elementor/includes/base/controls-stack.php(494): Elementor\Controls_Stack->init_controls()
#2 /var/www/html/wp-content/plugins/elementor/includes/base/widget-base.php(177): Elementor\Controls_Stack->get_stack()
#3 /var/www/html/wp-content/plugins/elementor/includes/base/controls-stack.php(300): Elementor\Widget_Base->get_stack()
#4 /var/www/html/wp-content/plugins/elementor/includes/base/controls-stack.php(2369): Elementor\Controls_Stack->get_controls()
#5 /var/www/html/wp-content/plugins/elementor/includes/base/controls-stack.php(1105): Elementor\Controls_Stack->sanitize_settings(Array)
#6 /var/www/html/wp-content/plugins/elementor/includes/base/controls-stack.php(2116): Elementor\ in /var/www/html/wp-content/plugins/dhe-form/includes/widgets/submit_button.php on line 157

2022-05-31T20:03:42+00:00 CRITICAL Uncaught Error: Class 'Elementor\Scheme_Typography' not found in /var/www/html/wp-content/plugins/dhe-form/includes/widgets/submit_button.php:157
Stack trace:
#0 /var/www/html/wp-content/plugins/elementor/includes/base/controls-stack.php(2280): DHE_Form_Widget_Submit_Button->_register_controls()
#1 /var/www/html/wp-content/plugins/elementor/includes/base/controls-stack.php(494): Elementor\Controls_Stack->init_controls()
#2 /var/www/html/wp-content/plugins/elementor/includes/base/widget-base.php(177): Elementor\Controls_Stack->get_stack()
#3 /var/www/html/wp-content/plugins/elementor/includes/base/controls-stack.php(300): Elementor\Widget_Base->get_stack()
#4 /var/www/html/wp-content/plugins/elementor/includes/base/controls-stack.php(2369): Elementor\Controls_Stack->get_controls()
#5 /var/www/html/wp-content/plugins/elementor/includes/base/controls-stack.php(1105): Elementor\Controls_Stack->sanitize_settings(Array)
#6 /var/www/html/wp-content/plugins/elementor/includes/base/controls-stack.php(2116): Elementor\ in /var/www/html/wp-content/plugins/dhe-form/includes/widgets/submit_button.php on line 157

